mode: set
project-e-commerces/delivery/controllers/products/products.go:22.77,24.2 1 1
project-e-commerces/delivery/controllers/products/products.go:26.65,34.16 5 1
project-e-commerces/delivery/controllers/products/products.go:41.2,48.19 5 1
project-e-commerces/delivery/controllers/products/products.go:52.2,52.27 1 1
project-e-commerces/delivery/controllers/products/products.go:56.2,56.36 1 1
project-e-commerces/delivery/controllers/products/products.go:34.16,39.3 1 1
project-e-commerces/delivery/controllers/products/products.go:48.19,50.3 1 0
project-e-commerces/delivery/controllers/products/products.go:52.27,54.3 1 1
project-e-commerces/delivery/controllers/products/products.go:59.66,75.35 4 1
project-e-commerces/delivery/controllers/products/products.go:82.2,85.35 3 1
project-e-commerces/delivery/controllers/products/products.go:75.35,80.3 3 1
project-e-commerces/delivery/controllers/products/products.go:88.65,122.16 10 1
project-e-commerces/delivery/controllers/products/products.go:129.2,132.35 3 1
project-e-commerces/delivery/controllers/products/products.go:122.16,127.3 3 1
project-e-commerces/delivery/controllers/products/products.go:135.65,169.16 10 1
project-e-commerces/delivery/controllers/products/products.go:176.2,179.35 3 1
project-e-commerces/delivery/controllers/products/products.go:169.16,174.3 3 1
project-e-commerces/delivery/controllers/products/products.go:182.70,219.16 6 1
project-e-commerces/delivery/controllers/products/products.go:226.2,229.35 3 1
project-e-commerces/delivery/controllers/products/products.go:219.16,224.3 3 1
project-e-commerces/delivery/controllers/products/products.go:232.74,239.46 4 1
project-e-commerces/delivery/controllers/products/products.go:246.2,249.35 3 1
project-e-commerces/delivery/controllers/products/products.go:239.46,244.3 3 1
project-e-commerces/delivery/controllers/products/products.go:252.65,268.16 4 1
project-e-commerces/delivery/controllers/products/products.go:275.2,278.35 3 1
project-e-commerces/delivery/controllers/products/products.go:268.16,273.3 3 1
project-e-commerces/delivery/controllers/products/products.go:281.61,286.38 3 1
project-e-commerces/delivery/controllers/products/products.go:292.2,294.37 2 1
project-e-commerces/delivery/controllers/products/products.go:309.2,312.26 3 1
project-e-commerces/delivery/controllers/products/products.go:325.2,348.16 5 1
project-e-commerces/delivery/controllers/products/products.go:354.2,357.35 3 0
project-e-commerces/delivery/controllers/products/products.go:286.38,290.3 3 0
project-e-commerces/delivery/controllers/products/products.go:294.37,307.3 11 1
project-e-commerces/delivery/controllers/products/products.go:312.26,313.20 1 1
project-e-commerces/delivery/controllers/products/products.go:313.20,314.21 1 1
project-e-commerces/delivery/controllers/products/products.go:314.21,321.5 1 1
project-e-commerces/delivery/controllers/products/products.go:348.16,352.3 3 1
