mode: set
project-e-commerces/repository/users/users.go:14.48,16.2 1 1
project-e-commerces/repository/users/users.go:18.61,22.2 3 1
project-e-commerces/repository/users/users.go:24.66,28.2 3 1
project-e-commerces/repository/users/users.go:30.80,32.51 1 1
project-e-commerces/repository/users/users.go:35.2,35.21 1 1
project-e-commerces/repository/users/users.go:32.51,34.3 1 1
project-e-commerces/repository/users/users.go:38.80,53.2 8 1
project-e-commerces/repository/users/users.go:54.95,63.2 6 1
project-e-commerces/repository/users/users.go:65.69,70.2 4 1
