mode: set
project-e-commerces/delivery/controllers/carts/carts.go:17.70,19.2 1 1
project-e-commerces/delivery/controllers/carts/carts.go:21.76,22.36 1 1
project-e-commerces/delivery/controllers/carts/carts.go:22.36,26.45 2 1
project-e-commerces/delivery/controllers/carts/carts.go:30.3,39.93 5 1
project-e-commerces/delivery/controllers/carts/carts.go:45.3,45.69 1 1
project-e-commerces/delivery/controllers/carts/carts.go:26.45,28.4 1 1
project-e-commerces/delivery/controllers/carts/carts.go:39.93,40.126 1 1
project-e-commerces/delivery/controllers/carts/carts.go:40.126,42.5 1 1
project-e-commerces/delivery/controllers/carts/carts.go:50.79,51.36 1 1
project-e-commerces/delivery/controllers/carts/carts.go:51.36,54.45 2 1
project-e-commerces/delivery/controllers/carts/carts.go:57.3,65.103 5 1
project-e-commerces/delivery/controllers/carts/carts.go:54.45,56.4 1 1
project-e-commerces/delivery/controllers/carts/carts.go:65.103,67.4 1 1
project-e-commerces/delivery/controllers/carts/carts.go:67.9,69.4 1 1
