mode: set
project-e-commerces/delivery/controllers/users/users.go:22.70,24.2 1 1
project-e-commerces/delivery/controllers/users/users.go:26.47,33.2 6 1
project-e-commerces/delivery/controllers/users/users.go:36.55,37.36 1 1
project-e-commerces/delivery/controllers/users/users.go:37.36,39.46 2 1
project-e-commerces/delivery/controllers/users/users.go:42.3,44.40 2 1
project-e-commerces/delivery/controllers/users/users.go:56.3,56.67 1 1
project-e-commerces/delivery/controllers/users/users.go:39.46,41.4 1 1
project-e-commerces/delivery/controllers/users/users.go:44.40,45.60 1 1
project-e-commerces/delivery/controllers/users/users.go:45.60,54.5 2 1
project-e-commerces/delivery/controllers/users/users.go:62.62,64.36 1 1
project-e-commerces/delivery/controllers/users/users.go:64.36,67.45 2 1
project-e-commerces/delivery/controllers/users/users.go:71.3,78.17 4 1
project-e-commerces/delivery/controllers/users/users.go:82.3,82.69 1 1
project-e-commerces/delivery/controllers/users/users.go:67.45,69.4 1 1
project-e-commerces/delivery/controllers/users/users.go:78.17,80.4 1 1
project-e-commerces/delivery/controllers/users/users.go:88.62,90.36 1 1
project-e-commerces/delivery/controllers/users/users.go:90.36,93.17 2 1
project-e-commerces/delivery/controllers/users/users.go:97.3,102.41 2 1
project-e-commerces/delivery/controllers/users/users.go:93.17,95.4 1 1
project-e-commerces/delivery/controllers/users/users.go:107.61,108.36 1 1
project-e-commerces/delivery/controllers/users/users.go:108.36,111.17 2 1
project-e-commerces/delivery/controllers/users/users.go:115.3,116.17 2 1
project-e-commerces/delivery/controllers/users/users.go:120.3,123.5 1 1
project-e-commerces/delivery/controllers/users/users.go:111.17,113.4 1 1
project-e-commerces/delivery/controllers/users/users.go:116.17,118.4 1 1
project-e-commerces/delivery/controllers/users/users.go:129.62,131.36 1 1
project-e-commerces/delivery/controllers/users/users.go:131.36,134.17 2 1
project-e-commerces/delivery/controllers/users/users.go:138.3,139.48 2 1
project-e-commerces/delivery/controllers/users/users.go:143.3,148.62 2 1
project-e-commerces/delivery/controllers/users/users.go:151.3,151.69 1 1
project-e-commerces/delivery/controllers/users/users.go:134.17,136.4 1 1
project-e-commerces/delivery/controllers/users/users.go:139.48,141.4 1 1
project-e-commerces/delivery/controllers/users/users.go:148.62,150.4 1 1
project-e-commerces/delivery/controllers/users/users.go:157.64,159.36 1 1
project-e-commerces/delivery/controllers/users/users.go:159.36,162.17 2 1
project-e-commerces/delivery/controllers/users/users.go:166.3,168.26 2 1
project-e-commerces/delivery/controllers/users/users.go:162.17,164.4 1 1
project-e-commerces/delivery/controllers/users/users.go:168.26,170.4 1 1
project-e-commerces/delivery/controllers/users/users.go:170.9,172.4 1 1
