mode: set
project-e-commerces/delivery/controllers/users/users.go:22.70,24.2 1 1
project-e-commerces/delivery/controllers/users/users.go:26.47,31.13 5 1
project-e-commerces/delivery/controllers/users/users.go:36.2,37.61 2 1
project-e-commerces/delivery/controllers/users/users.go:31.13,33.3 1 1
project-e-commerces/delivery/controllers/users/users.go:33.8,35.3 1 0
project-e-commerces/delivery/controllers/users/users.go:41.55,42.36 1 1
project-e-commerces/delivery/controllers/users/users.go:42.36,44.46 2 1
project-e-commerces/delivery/controllers/users/users.go:47.3,49.40 2 1
project-e-commerces/delivery/controllers/users/users.go:61.3,61.67 1 1
project-e-commerces/delivery/controllers/users/users.go:44.46,46.4 1 1
project-e-commerces/delivery/controllers/users/users.go:49.40,50.61 1 1
project-e-commerces/delivery/controllers/users/users.go:50.61,59.5 2 1
project-e-commerces/delivery/controllers/users/users.go:67.62,69.36 1 1
project-e-commerces/delivery/controllers/users/users.go:69.36,72.45 2 1
project-e-commerces/delivery/controllers/users/users.go:76.3,83.55 3 1
project-e-commerces/delivery/controllers/users/users.go:72.45,74.4 1 1
project-e-commerces/delivery/controllers/users/users.go:83.55,85.4 1 1
project-e-commerces/delivery/controllers/users/users.go:85.9,88.4 1 1
project-e-commerces/delivery/controllers/users/users.go:95.62,97.36 1 1
project-e-commerces/delivery/controllers/users/users.go:97.36,100.17 2 1
project-e-commerces/delivery/controllers/users/users.go:104.3,109.41 2 1
project-e-commerces/delivery/controllers/users/users.go:100.17,102.4 1 1
project-e-commerces/delivery/controllers/users/users.go:114.61,115.36 1 1
project-e-commerces/delivery/controllers/users/users.go:115.36,118.17 2 1
project-e-commerces/delivery/controllers/users/users.go:122.3,123.17 2 1
project-e-commerces/delivery/controllers/users/users.go:127.3,130.5 1 1
project-e-commerces/delivery/controllers/users/users.go:118.17,120.4 1 1
project-e-commerces/delivery/controllers/users/users.go:123.17,125.4 1 1
project-e-commerces/delivery/controllers/users/users.go:136.62,138.36 1 1
project-e-commerces/delivery/controllers/users/users.go:138.36,141.17 2 1
project-e-commerces/delivery/controllers/users/users.go:145.3,146.48 2 1
project-e-commerces/delivery/controllers/users/users.go:150.3,155.62 2 1
project-e-commerces/delivery/controllers/users/users.go:158.3,158.69 1 1
project-e-commerces/delivery/controllers/users/users.go:141.17,143.4 1 1
project-e-commerces/delivery/controllers/users/users.go:146.48,148.4 1 1
project-e-commerces/delivery/controllers/users/users.go:155.62,157.4 1 1
project-e-commerces/delivery/controllers/users/users.go:164.64,166.36 1 1
project-e-commerces/delivery/controllers/users/users.go:166.36,169.17 2 1
project-e-commerces/delivery/controllers/users/users.go:173.3,175.26 2 1
project-e-commerces/delivery/controllers/users/users.go:169.17,171.4 1 1
project-e-commerces/delivery/controllers/users/users.go:175.26,177.4 1 1
project-e-commerces/delivery/controllers/users/users.go:177.9,179.4 1 1
